{"C:\\Users\\14255\\WebstormProjects\\CodewarsJavascript\\Tasks\\Kuy8\\GravityFlip\\gravityFlip.js": {"path":"C:\\Users\\14255\\WebstormProjects\\CodewarsJavascript\\Tasks\\Kuy8\\GravityFlip\\gravityFlip.js","statementMap":{"0":{"start":{"line":2,"column":4},"end":{"line":2,"column":17}},"1":{"start":{"line":5,"column":0},"end":{"line":5,"column":28}}},"fnMap":{"0":{"name":"gravityFlip","decl":{"start":{"line":1,"column":9},"end":{"line":1,"column":20}},"loc":{"start":{"line":1,"column":27},"end":{"line":3,"column":1}},"line":1}},"branchMap":{},"s":{"0":2,"1":1},"f":{"0":2},"b":{},"_coverageSchema":"1a1c01bbd47fc00a2c39e90264f33305004495a9","hash":"a2a35ce821be5b97115ccbf333eec7372e49126b"}
}
